2024-12-13 09:35:57,POST,testrich,SQLSTATE[42S02]: Base table or view not found: 1146 Table 'cinema_db.seats' doesn't exist
2024-12-13 09:38:27,POST,testrich,SQLSTATE[42S22]: Column not found: 1054 Unknown column 'status' in 'field list'
2024-12-13 09:38:28,POST,testrich,SQLSTATE[42S22]: Column not found: 1054 Unknown column 'status' in 'field list'
2024-12-13 09:39:26,POST,testrich,Created a new Record
2024-12-13 09:54:50,POST,testrich,SQLSTATE[42S22]: Column not found: 1054 Unknown column 'movie_name' in 'field list'
2024-12-13 09:58:47,POST,testrich,Created a new Price
2024-12-13 10:07:20,payments_tbl,testrich,POST
2024-12-13 10:26:46,payments_tbl,testrich,POST
2024-12-13 10:29:40,payments_tbl,testrich,POST
2024-12-13 10:31:01,payments_tbl,testrich,POST
2024-12-13 10:31:29,payments_tbl,testrich,POST
2024-12-13 10:33:00,payments_tbl,testrich,POST
2024-12-13 10:34:33,payments_tbl,testrich,POST
2024-12-13 10:36:22,payments_tbl,testrich,POST
2024-12-13 10:47:21,POST,testrich,Created a new Record
2024-12-13 10:48:56,POST,testrich,Created a new Record
2024-12-13 10:49:35,POST,testrich,Created a new Record
2024-12-13 10:50:10,POST,testrich,Created a new Record
2024-12-13 10:51:48,POST,testrich,Created a new Price
2024-12-13 10:51:48,POST,testrich,Created a new Record
2024-12-13 10:58:11,POST,testrich,Created a new Price
2024-12-13 10:58:11,POST,testrich,Created a new Record
2024-12-13 11:05:46,payments_tbl,testrich,POST
2024-12-13 11:06:07,payments_tbl,testrich,POST
2024-12-13 11:44:58,payments_tbl,testrich,POST
2024-12-13 11:49:43,payments_tbl,testrich,POST
